<?xml version="1.0" encoding="UTF-8"?>
<testng-results ignored="0" total="10" passed="10" failed="0" skipped="0">
  <reporter-output>
  </reporter-output>
  <suite started-at="2022-07-04T14:20:42 EDT" name="Default suite" finished-at="2022-07-04T14:20:42 EDT" duration-ms="77">
    <groups>
    </groups>
    <test started-at="2022-07-04T14:20:42 EDT" name="Default test" finished-at="2022-07-04T14:20:42 EDT" duration-ms="77">
      <class name="com.test.InvocationCountTest">
        <test-method signature="sum()[pri:0, instance:com.test.InvocationCountTest@635eaaf1]" started-at="2022-07-04T14:20:42 EDT" name="sum" finished-at="2022-07-04T14:20:42 EDT" duration-ms="15" status="PASS">
          <reporter-output>
          </reporter-output>
        </test-method> <!-- sum -->
        <test-method signature="sum()[pri:0, instance:com.test.InvocationCountTest@635eaaf1]" started-at="2022-07-04T14:20:42 EDT" name="sum" finished-at="2022-07-04T14:20:42 EDT" duration-ms="1" status="PASS">
          <reporter-output>
          </reporter-output>
        </test-method> <!-- sum -->
        <test-method signature="sum()[pri:0, instance:com.test.InvocationCountTest@635eaaf1]" started-at="2022-07-04T14:20:42 EDT" name="sum" finished-at="2022-07-04T14:20:42 EDT" duration-ms="1" status="PASS">
          <reporter-output>
          </reporter-output>
        </test-method> <!-- sum -->
        <test-method signature="sum()[pri:0, instance:com.test.InvocationCountTest@635eaaf1]" started-at="2022-07-04T14:20:42 EDT" name="sum" finished-at="2022-07-04T14:20:42 EDT" duration-ms="1" status="PASS">
          <reporter-output>
          </reporter-output>
        </test-method> <!-- sum -->
        <test-method signature="sum()[pri:0, instance:com.test.InvocationCountTest@635eaaf1]" started-at="2022-07-04T14:20:42 EDT" name="sum" finished-at="2022-07-04T14:20:42 EDT" duration-ms="1" status="PASS">
          <reporter-output>
          </reporter-output>
        </test-method> <!-- sum -->
        <test-method signature="sum()[pri:0, instance:com.test.InvocationCountTest@635eaaf1]" started-at="2022-07-04T14:20:42 EDT" name="sum" finished-at="2022-07-04T14:20:42 EDT" duration-ms="1" status="PASS">
          <reporter-output>
          </reporter-output>
        </test-method> <!-- sum -->
        <test-method signature="sum()[pri:0, instance:com.test.InvocationCountTest@635eaaf1]" started-at="2022-07-04T14:20:42 EDT" name="sum" finished-at="2022-07-04T14:20:42 EDT" duration-ms="1" status="PASS">
          <reporter-output>
          </reporter-output>
        </test-method> <!-- sum -->
        <test-method signature="sum()[pri:0, instance:com.test.InvocationCountTest@635eaaf1]" started-at="2022-07-04T14:20:42 EDT" name="sum" finished-at="2022-07-04T14:20:42 EDT" duration-ms="1" status="PASS">
          <reporter-output>
          </reporter-output>
        </test-method> <!-- sum -->
        <test-method signature="sum()[pri:0, instance:com.test.InvocationCountTest@635eaaf1]" started-at="2022-07-04T14:20:42 EDT" name="sum" finished-at="2022-07-04T14:20:42 EDT" duration-ms="1" status="PASS">
          <reporter-output>
          </reporter-output>
        </test-method> <!-- sum -->
        <test-method signature="sum()[pri:0, instance:com.test.InvocationCountTest@635eaaf1]" started-at="2022-07-04T14:20:42 EDT" name="sum" finished-at="2022-07-04T14:20:42 EDT" duration-ms="1" status="PASS">
          <reporter-output>
          </reporter-output>
        </test-method> <!-- sum -->
      </class> <!-- com.test.InvocationCountTest -->
    </test> <!-- Default test -->
  </suite> <!-- Default suite -->
</testng-results>
