<?xml version="1.0" encoding="UTF-8"?>
<!-- Generated by org.testng.reporters.JUnitXMLReporter -->
<testsuite ignored="5" hostname="DESKTOP-D6DO249" failures="1" tests="1" name="Test" time="0.053" errors="0" timestamp="2022-07-03T17:31:48 EDT">
  <testcase classname="com.test.GroupingTest" name="googleTitleTest" time="0.012">
    <failure type="java.lang.NullPointerException" message="Cannot invoke &amp;quot;org.openqa.selenium.WebDriver.getTitle()&amp;quot; because &amp;quot;this.driver&amp;quot; is null">
      <![CDATA[java.lang.NullPointerException: Cannot invoke "org.openqa.selenium.WebDriver.getTitle()" because "this.driver" is null
at com.test.GroupingTest.googleTitleTest(GroupingTest.java:27)
at java.base/java.util.ArrayList.forEach(ArrayList.java:1511)
... Removed 25 stack frames]]>
    </failure>
  </testcase> <!-- googleTitleTest -->
  <testcase classname="com.test.GroupingTest" name="test1" time="0.0">
    <ignored/>
  </testcase> <!-- test1 -->
  <testcase classname="com.test.GroupingTest" name="test2" time="0.0">
    <ignored/>
  </testcase> <!-- test2 -->
  <testcase classname="com.test.GroupingTest" name="test3" time="0.0">
    <ignored/>
  </testcase> <!-- test3 -->
  <testcase classname="com.test.GroupingTest" name="mailLinktest" time="0.0">
    <ignored/>
  </testcase> <!-- mailLinktest -->
  <testcase classname="com.test.GroupingTest" name="googleLogoTest" time="0.0">
    <ignored/>
  </testcase> <!-- googleLogoTest -->
</testsuite> <!-- Test -->
